<?xml version="1.0" encoding="UTF-8" ?>
<testsuite errors="1" failures="0" hostname="WTC-808660-W1" name="com.fedex.lacitd.cashcontrol.datatier.manager.RecExpSrchgManagerBeanTest" skipped="0" tests="1" time="0.0" timestamp="2014-04-24T22:16:13">
  <properties>
[...]
</properties>
  <testcase classname="com.fedex.lacitd.cashcontrol.datatier.manager.RecExpSrchgManagerBeanTest" name="BeforeFirstTest" time="0.0">
    <error message="Forked Java VM exited abnormally. Please note the time in the report does not reflect the time until the VM exit." type="junit.framework.AssertionFailedError">junit.framework.AssertionFailedError: Forked Java VM exited abnormally. Please note the time in the report does not reflect the time until the VM exit.
</error>
  </testcase>
</testsuite>
